Build started 10/21/2016 4:46:34 PM.
     1>Project "C:\Users\Steven\Documents\GitHub\Comp465\warbirdSimulation\warbirdSimulation.vcxproj" on node 2 (Build target(s)).
     1>ClCompile:
         C:\Program Files (x86)\Microsoft Visual Studio 12.0\VC\bin\CL.exe /c /ZI /nologo /W3 /WX- /sdl /Od /Oy- /D _CRT_SECURE_NO_DEPRECATE /D _MBCS /Gm /EHsc /RTC1 /MDd /GS /fp:precise /Zc:wchar_t /Zc:forScope /Fo"Debug\\" /Fd"Debug\vc120.pdb" /Gd /TP /analyze- /errorReport:prompt warbirdSimulation.cpp
         warbirdSimulation.cpp
         GLM: version 0.9.7.6
         GLM: Windows platform detected
         GLM: Visual C++ compiler detected
         GLM: 32 bits model
         GLM: Platform independent code
         GLM: C++0x
         GLM: Language extensions enabled
         GLM: Swizzling operators disabled, #define GLM_SWIZZLE to enable swizzle operators
         GLM: .length() returns glm::length_t, a typedef of int following the GLSL specification
         GLM: Core library included
         GLM: GLM_GTC_constants extension included
         GLM: GLM_GTC_matrix_transform extension included
         GLM: GLM_GTC_quaternion extension included
         GLM: GLM_GTC_type_ptr extension included
     1>c:\users\steven\documents\github\comp465\warbirdsimulation\warbirdsimulation.cpp(128): warning C4715: 'cameraUpdate' : not all control paths return a value
       Link:
         C:\Program Files (x86)\Microsoft Visual Studio 12.0\VC\bin\link.exe /ERRORREPORT:PROMPT /OUT:"C:\Users\Steven\Documents\GitHub\Comp465\warbirdSimulation\Debug\warbirdSimulation.exe" /INCREMENTAL /NOLOGO freeglut.lib glew32.lib kernel32.lib user32.lib gdi32.lib winspool.lib comdlg32.lib advapi32.lib shell32.lib ole32.lib oleaut32.lib uuid.lib odbc32.lib odbccp32.lib /MANIFEST /MANIFESTUAC:"level='asInvoker' uiAccess='false'" /manifest:embed /PDB:"C:\Users\Steven\Documents\GitHub\Comp465\warbirdSimulation\Debug\warbirdSimulation.pdb" /TLBID:1 /DYNAMICBASE /NXCOMPAT /IMPLIB:"C:\Users\Steven\Documents\GitHub\Comp465\warbirdSimulation\Debug\warbirdSimulation.lib" /MACHINE:X86 Debug\warbirdSimulation.obj
         warbirdSimulation.vcxproj -> C:\Users\Steven\Documents\GitHub\Comp465\warbirdSimulation\Debug\warbirdSimulation.exe
     1>Done Building Project "C:\Users\Steven\Documents\GitHub\Comp465\warbirdSimulation\warbirdSimulation.vcxproj" (Build target(s)).

Build succeeded.

Time Elapsed 00:00:01.04
